This is TeX, Version 3.14159 (C version 6.1) (format=latex 98.9.7)  2 APR 1999 11:17
**doc
(doc.tex
LaTeX2e <1996/12/01> patch level 1
Babel <v3.6h> and hyphenation patterns for american, german, loaded.
(/usr/lib/teTeX/texmf/tex/latex/base/latex209.def
File: latex209.def 1996/05/21 v0.51 Standard LaTeX file

Entering LaTeX 2.09 compatibility mode.
\footheight=\dimen102
\@maxsep=\dimen103
\@dblmaxsep=\dimen104
\@cla=\count79
\@clb=\count80
\mscount=\count81
(/usr/lib/teTeX/texmf/tex/latex/base/tracefnt.sty
Package: tracefnt 1996/07/26 v3.0i Standard LaTeX package (font tracing)
\tracingfonts=\count82
LaTeX Info: Redefining \selectfont on input line 139.
)
\symbold=\mathgroup4
\symsans=\mathgroup5
\symtypewriter=\mathgroup6
\symitalic=\mathgroup7
\symsmallcaps=\mathgroup8
\symslanted=\mathgroup9
LaTeX Font Info:    Redeclaring math alphabet \mathbf on input line 306.
LaTeX Font Info:    Redeclaring math alphabet \mathsf on input line 307.
LaTeX Font Info:    Redeclaring math alphabet \mathtt on input line 308.
LaTeX Font Info:    Redeclaring math alphabet \mathit on input line 314.
LaTeX Info: Redefining \em on input line 324.

(/usr/lib/teTeX/texmf/tex/latex/base/latexsym.sty
Package: latexsym 1996/11/20 v2.2d Standard LaTeX package (lasy symbols)
\symlasy=\mathgroup10
LaTeX Font Info:    Overwriting symbol font `lasy' in version `bold'
(Font)                  U/lasy/m/n --> U/lasy/b/n on input line 85.
)
LaTeX Font Info:    Redeclaring math delimiter \lgroup on input line 388.
LaTeX Font Info:    Redeclaring math delimiter \rgroup on input line 390.
LaTeX Font Info:    Redeclaring math delimiter \bracevert on input line 392.

(/usr/lib/teTeX/texmf/tex/latex/config/latex209.cfg
(/usr/lib/teTeX/texmf/tex/latex/tools/rawfonts.sty
Compatibility mode: package `' requested, but `rawfonts' provided.
Package: rawfonts 1994/05/08 Low-level LaTeX 2.09 font compatibility

(/usr/lib/teTeX/texmf/tex/latex/tools/somedefs.sty
Package: somedefs 1994/06/01 Toolkit for optional definitions
)
LaTeX Font Info:    Try loading font information for U+lasy on input line 36.

(/usr/lib/teTeX/texmf/tex/latex/base/ulasy.fd
File: ulasy.fd 1996/11/20 v2.2dLaTeX symbol font definitions
))))
(/usr/lib/teTeX/texmf/tex/latex/base/article.cls
Document Class: article 1996/10/31 v1.3u Standard LaTeX document class
(/usr/lib/teTeX/texmf/tex/latex/base/size11.clo
File: size11.clo 1996/10/31 v1.3u Standard LaTeX file (size option)
)
\c@part=\count83
\c@section=\count84
\c@subsection=\count85
\c@subsubsection=\count86
\c@paragraph=\count87
\c@subparagraph=\count88
\c@figure=\count89
\c@table=\count90
\abovecaptionskip=\skip41
\belowcaptionskip=\skip42
Compatibility mode: definition of \rm ignored.
Compatibility mode: definition of \sf ignored.
Compatibility mode: definition of \tt ignored.
Compatibility mode: definition of \bf ignored.
Compatibility mode: definition of \it ignored.
Compatibility mode: definition of \sl ignored.
Compatibility mode: definition of \sc ignored.
LaTeX Info: Redefining \cal on input line 542.
LaTeX Info: Redefining \mit on input line 543.
\bibindent=\dimen105
)
No file doc.aux.
LaTeX Font Info:    Checking defaults for OML/cmm/m/it on input line 55.
LaTeX Font Info:    ... okay on input line 55.
LaTeX Font Info:    Checking defaults for T1/cmr/m/n on input line 55.
LaTeX Font Info:    ... okay on input line 55.
LaTeX Font Info:    Checking defaults for OT1/cmr/m/n on input line 55.
LaTeX Font Info:    ... okay on input line 55.
LaTeX Font Info:    Checking defaults for OMS/cmsy/m/n on input line 55.
LaTeX Font Info:    ... okay on input line 55.
LaTeX Font Info:    Checking defaults for OMX/cmex/m/n on input line 55.
LaTeX Font Info:    ... okay on input line 55.
LaTeX Font Info:    Checking defaults for U/cmr/m/n on input line 55.
LaTeX Font Info:    ... okay on input line 55.

Overfull \hbox (19.46724pt too wide) in paragraph at lines 113--117
\OT1/cmr/m/n/10.95 All nec-es-sary files can be found in the di-rec-tory \OT1/c
mtt/m/n/10.95 /home/orion/spxjmt \OT1/cmr/m/n/10.95 in the do-main \OT1/cmtt/m/
n/10.95 astro.cf.ac.uk
 []

[1

]
Underfull \hbox (badness 10000) in paragraph at lines 150--153

 []

LaTeX Font Info:    Try loading font information for OMS+cmr on input line 160.

(/usr/lib/teTeX/texmf/tex/latex/base/omscmr.fd
File: omscmr.fd 1997/01/14 v2.5a Standard LaTeX font definitions
)
LaTeX Font Info:    Font shape `OMS/cmr/m/n' in size <10.95> not available
(Font)              Font shape `OMS/cmsy/m/n' tried instead on input line 160.
LaTeX Font Info:    External font `cmex10' loaded for size
(Font)              <10.95> on input line 164.
LaTeX Font Info:    External font `cmex10' loaded for size
(Font)              <8> on input line 164.
LaTeX Font Info:    External font `cmex10' loaded for size
(Font)              <6> on input line 164.
 [2]
Underfull \hbox (badness 10000) in paragraph at lines 233--236

 []


Underfull \hbox (badness 10000) in paragraph at lines 244--247

 []

[3] [4] [5] [6] [7]
Overfull \hbox (23.45pt too wide) in paragraph at lines 604--613
 [] 
 []

[8] (doc.aux) ) 
Here is how much of TeX's memory you used:
 584 strings out of 10906
 5540 string characters out of 72188
 51270 words of memory out of 262141
 3465 multiletter control sequences out of 9500
 22500 words of font info for 84 fonts, out of 150000 for 255
 14 hyphenation exceptions out of 607
 21i,6n,20p,299b,311s stack positions out of 300i,40n,60p,3000b,4000s

Output written on doc.dvi (8 pages, 25912 bytes).
